<?xml version="1.0" encoding="UTF-8" ?>
<testsuite tests="1" failures="0" name="Elite.junit.AppTest" time="0.003" errors="0" skipped="0">
  <properties>
    <property name="PROCESSOR_ARCHITECTURE" value="x86"/>
    <property name="file.encoding.pkg" value="sun.io"/>
    <property name="ProgramData" value="C:\ProgramData"/>
    <property name="java.home" value="C:\Program Files\Java\jdk1.8.0_201\jre"/>
    <property name="NODE_NAME" value="master"/>
    <property name="JENKINS_URL" value="http://localhost:8080/"/>
    <property name="ALLUSERSPROFILE" value="C:\ProgramData"/>
    <property name="java.endorsed.dirs" value="C:\Program Files\Java\jdk1.8.0_201\jre\lib\endorsed"/>
    <property name="PSModulePath" value="C:\Program Files\WindowsPowerShell\Modules;C:\WINDOWS\system32\WindowsPowerShell\v1.0\Modules;C:\Program Files (x86)\Microsoft SQL Server\120\Tools\PowerShell\Modules\"/>
    <property name="PTSMINSTALLPATH_X86" value="C:\Program Files (x86)\HP\HP ProtectTools Security Manager\Bin\"/>
    <property name="APPIUM_HOME" value="C:\Program Files (x86)\Appium"/>
    <property name="USERDOMAIN" value="WORKGROUP"/>
    <property name="sun.os.patch.level" value=""/>
    <property name="java.vendor.url" value="http://java.oracle.com/"/>
    <property name="CommonProgramFiles(x86)" value="C:\Program Files (x86)\Common Files"/>
    <property name="java.version" value="1.8.0_201"/>
    <property name="JOB_NAME" value="mavenpractice"/>
    <property name="COMPUTERNAME" value="DESKTOP-5GTN32Q"/>
    <property name="ANSYSLIC_DIR" value="C:\Program Files\ANSYS Inc\Shared Files\Licensing"/>
    <property name="AWP_ROOT180" value="C:\Program Files\ansys\ANSYS Inc\v180"/>
    <property name="ANDROID_HOME" value="C:\Program Files\android-sdk-windows"/>
    <property name="java.vendor.url.bug" value="http://bugreport.sun.com/bugreport/"/>
    <property name="PUBLIC" value="C:\Users\Public"/>
    <property name="user.name" value="DESKTOP-5GTN32Q$"/>
    <property name="sun.io.unicode.encoding" value="UnicodeLittle"/>
    <property name="sun.jnu.encoding" value="GBK"/>
    <property name="java.runtime.name" value="Java(TM) SE Runtime Environment"/>
    <property name="windir" value="C:\WINDOWS"/>
    <property name="PROCESSOR_IDENTIFIER" value="Intel64 Family 6 Model 142 Stepping 10, GenuineIntel"/>
    <property name="AWP_ROOT170" value="C:\Program Files\ANSYS Inc\v170"/>
    <property name="java.specification.name" value="Java Platform API Specification"/>
    <property name="LOCALAPPDATA" value="C:\WINDOWS\system32\config\systemprofile\AppData\Local"/>
    <property name="RUN_CHANGES_DISPLAY_URL" value="http://localhost:8080/job/mavenpractice/10/display/redirect?page=changes"/>
    <property name="user.timezone" value="Asia/Shanghai"/>
    <property name="PROCESSOR_ARCHITEW6432" value="AMD64"/>
    <property name="user.script" value=""/>
    <property name="path.separator" value=";"/>
    <property name="NUMBER_OF_PROCESSORS" value="8"/>
    <property name="BUILD_TAG" value="jenkins-mavenpractice-10"/>
    <property name="file.encoding" value="UTF-8"/>
    <property name="sun.java.command" value="jenkins.maven3.agent.Maven35Main D:\mhniu\download\apache-maven-3.6.2 C:\Program Files (x86)\Jenkins\war\WEB-INF\lib\remoting-3.29.jar C:\Program Files (x86)\Jenkins\plugins\maven-plugin\WEB-INF\lib\maven35-interceptor-1.13.jar C:\Program Files (x86)\Jenkins\plugins\maven-plugin\WEB-INF\lib\maven3-interceptor-commons-1.13.jar 58725"/>
    <property name="HUDSON_URL" value="http://localhost:8080/"/>
    <property name="JENKINS_SERVER_COOKIE" value="3c2be24971c72b62"/>
    <property name="EXECUTOR_NUMBER" value="1"/>
    <property name="Path" value="C:\Users\elite234\AppData\Roaming\npm;C:\Program Files\nodejs"/>
    <property name="WINSW_SERVICE_ID" value="Jenkins"/>
    <property name="BASE" value="C:\Program Files (x86)\Jenkins"/>
    <property name="java.io.tmpdir" value="C:\WINDOWS\TEMP\"/>
    <property name="APPDATA" value="C:\WINDOWS\system32\config\systemprofile\AppData\Roaming"/>
    <property name="user.language" value="zh"/>
    <property name="line.separator" value="
"/>
    <property name="BUILD_URL" value="http://localhost:8080/job/mavenpractice/10/"/>
    <property name="PVIEW_KEYSHOT7_HOME" value="C:\Program Files\KeyShot7\bin\"/>
    <property name="M2_HOME" value="D:\mhniu\download\apache-maven-3.6.2"/>
    <property name="java.vm.info" value="mixed mode"/>
    <property name="DriverData" value="C:\Windows\System32\Drivers\DriverData"/>
    <property name="sun.desktop" value="windows"/>
    <property name="java.vm.specification.name" value="Java Virtual Machine Specification"/>
    <property name="BUILD_DISPLAY_NAME" value="#10"/>
    <property name="OS" value="Windows_NT"/>
    <property name="guice.disable.misplaced.annotation.check" value="true"/>
    <property name="HUDSON_SERVER_COOKIE" value="3c2be24971c72b62"/>
    <property name="ANSYS170_DIR" value="C:\Program Files\ANSYS Inc\v170\ANSYS"/>
    <property name="MAVEN_HOME" value="D:\mhniu\download\apache-maven-3.6.2"/>
    <property name="PATHEXT" value=".COM;.EXE;.BAT;.CMD;.VBS;.VBE;.JS;.JSE;.WSF;.WSH;.MSC"/>
    <property name="java.awt.printerjob" value="sun.awt.windows.WPrinterJob"/>
    <property name="maven3.interceptor.common" value="C:\Program Files (x86)\Jenkins\plugins\maven-plugin\WEB-INF\lib\maven3-interceptor-commons-1.13.jar"/>
    <property name="CLASSPATH" value=""/>
    <property name="ANSYS_SYSDIR" value="winx64"/>
    <property name="ICEMCFD_SYSDIR" value="win64_amd"/>
    <property name="P_SCHEMA" value="C:\Program Files\ANSYS Inc\v170\AISOL\CADIntegration\Parasolid\PSchema"/>
    <property name="ANS_OLD_ATTACH" value="1"/>
    <property name="os.name" value="Windows 10"/>
    <property name="java.specification.vendor" value="Oracle Corporation"/>
    <property name="PTSMINSTALLPATH" value="C:\Program Files\HP\HP ProtectTools Security Manager\Bin\"/>
    <property name="java.vm.name" value="Java HotSpot(TM) 64-Bit Server VM"/>
    <property name="BUILD_NUMBER" value="10"/>
    <property name="maven3.interceptor" value="C:\Program Files (x86)\Jenkins\plugins\maven-plugin\WEB-INF\lib\maven35-interceptor-1.13.jar"/>
    <property name="java.library.path" value="C:\Program Files\Java\jdk1.8.0_201\bin;C:\WINDOWS\Sun\Java\bin;C:\WINDOWS\system32;C:\WINDOWS;D:\mhniu\download\apache-maven-3.6.2/bin;C:\Program Files\Java\jdk1.8.0_201/bin;C:\Users\elite234\AppData\Roaming\npm;C:\Program Files\nodejs;."/>
    <property name="WINSW_EXECUTABLE" value="C:\Program Files (x86)\Jenkins\jenkins.exe"/>
    <property name="POM_GROUPID" value="Elite"/>
    <property name="POM_ARTIFACTID" value="junit"/>
    <property name="java.class.version" value="52.0"/>
    <property name="JOB_URL" value="http://localhost:8080/job/mavenpractice/"/>
    <property name="platformcode" value="AN"/>
    <property name="ICEMCFD_ROOT180" value="C:\Program Files\ansys\ANSYS Inc\v180\icemcfd"/>
    <property name="OneDrive" value="C:\WINDOWS\system32\config\systemprofile\OneDrive"/>
    <property name="RUN_DISPLAY_URL" value="http://localhost:8080/job/mavenpractice/10/display/redirect"/>
    <property name="JENKINS_HOME" value="C:\Program Files (x86)\Jenkins"/>
    <property name="BUILD_ID" value="10"/>
    <property name="TEMP" value="C:\WINDOWS\TEMP"/>
    <property name="sun.boot.library.path" value="C:\Program Files\Java\jdk1.8.0_201\jre\bin"/>
    <property name="CADOE_LIBDIR180" value="C:\Program Files\ansys\ANSYS Inc\v180\CommonFiles\Language\en-us"/>
    <property name="sun.management.compiler" value="HotSpot 64-Bit Tiered Compilers"/>
    <property name="java.awt.graphicsenv" value="sun.awt.Win32GraphicsEnvironment"/>
    <property name="user.variant" value=""/>
    <property name="PROCESSOR_REVISION" value="8e0a"/>
    <property name="POM_VERSION" value="0.0.1-SNAPSHOT"/>
    <property name="HUDSON_HOME" value="C:\Program Files (x86)\Jenkins"/>
    <property name="ProgramFiles(x86)" value="C:\Program Files (x86)"/>
    <property name="PATH+MAVEN" value="D:\mhniu\download\apache-maven-3.6.2/bin"/>
    <property name="ICEMCFD_ROOT170" value="C:\Program Files\ANSYS Inc\v170\icemcfd"/>
    <property name="ANSYS_SYSDIR32" value="win32"/>
    <property name="ANSYS180_DIR" value="C:\Program Files\ansys\ANSYS Inc\v180\ANSYS"/>
    <property name="java.vm.specification.version" value="1.8"/>
    <property name="JAVA_HOME" value="C:\Program Files\Java\jdk1.8.0_201"/>
    <property name="CADOE_LIBDIR170" value="C:\Program Files\ANSYS Inc\v170\CommonFiles\Language\en-us"/>
    <property name="awt.toolkit" value="sun.awt.windows.WToolkit"/>
    <property name="NODE_LABELS" value="master"/>
    <property name="sun.cpu.isalist" value="amd64"/>
    <property name="USERPROFILE" value="C:\WINDOWS\system32\config\systemprofile"/>
    <property name="JOB_DISPLAY_URL" value="http://localhost:8080/job/mavenpractice/display/redirect"/>
    <property name="java.ext.dirs" value="C:\Program Files\Java\jdk1.8.0_201\jre\lib\ext;C:\WINDOWS\Sun\Java\lib\ext"/>
    <property name="os.version" value="10.0"/>
    <property name="user.home" value="C:\WINDOWS\system32\config\systemprofile"/>
    <property name="USERNAME" value="DESKTOP-5GTN32Q$"/>
    <property name="java.vm.vendor" value="Oracle Corporation"/>
    <property name="PROCESSOR_LEVEL" value="6"/>
    <property name="CommonProgramW6432" value="C:\Program Files\Common Files"/>
    <property name="user.dir" value="C:\Users\elite234\eclipse-workspace\junit"/>
    <property name="maven.conf" value="D:\mhniu\download\apache-maven-3.6.2\conf"/>
    <property name="ProgramW6432" value="C:\Program Files"/>
    <property name="TMP" value="C:\WINDOWS\TEMP"/>
    <property name="sun.cpu.endian" value="little"/>
    <property name="SystemDrive" value="C:"/>
    <property name="java.vm.version" value="25.201-b09"/>
    <property name="java.class.path" value="C:\Program Files (x86)\Jenkins\plugins\maven-plugin\WEB-INF\lib\maven35-agent-1.13.jar;D:\mhniu\download\apache-maven-3.6.2\boot\plexus-classworlds-2.6.0.jar;D:\mhniu\download\apache-maven-3.6.2/conf/logging"/>
    <property name="org.slf4j.simpleLogger.defaultLogLevel" value="info"/>
    <property name="MAVEN_OPTS" value="-Dfile.encoding=UTF-8"/>
    <property name="os.arch" value="amd64"/>
    <property name="RegionCode" value="APJ"/>
    <property name="WORKSPACE" value="C:\Users\elite234\eclipse-workspace\junit"/>
    <property name="ComSpec" value="C:\WINDOWS\system32\cmd.exe"/>
    <property name="sun.java.launcher" value="SUN_STANDARD"/>
    <property name="SERVICE_ID" value="Jenkins"/>
    <property name="SystemRoot" value="C:\WINDOWS"/>
    <property name="CommonProgramFiles" value="C:\Program Files (x86)\Common Files"/>
    <property name="java.vm.specification.vendor" value="Oracle Corporation"/>
    <property name="LSTC_LICENSE" value="ANSYS"/>
    <property name="file.separator" value="\"/>
    <property name="JMETER_HOME" value="C:\software\apache-jmeter-5.1.1"/>
    <property name="java.runtime.version" value="1.8.0_201-b09"/>
    <property name="sun.boot.class.path" value="C:\Program Files\Java\jdk1.8.0_201\jre\lib\resources.jar;C:\Program Files\Java\jdk1.8.0_201\jre\lib\rt.jar;C:\Program Files\Java\jdk1.8.0_201\jre\lib\sunrsasign.jar;C:\Program Files\Java\jdk1.8.0_201\jre\lib\jsse.jar;C:\Program Files\Java\jdk1.8.0_201\jre\lib\jce.jar;C:\Program Files\Java\jdk1.8.0_201\jre\lib\charsets.jar;C:\Program Files\Java\jdk1.8.0_201\jre\lib\jfr.jar;C:\Program Files\Java\jdk1.8.0_201\jre\classes"/>
    <property name="ProgramFiles" value="C:\Program Files (x86)"/>
    <property name="OnlineServices" value="Online Services"/>
    <property name="PATH+JDK" value="C:\Program Files\Java\jdk1.8.0_201/bin"/>
    <property name="user.country" value="CN"/>
    <property name="POM_PACKAGING" value="jar"/>
    <property name="maven.home" value="D:\mhniu\download\apache-maven-3.6.2"/>
    <property name="JOB_BASE_NAME" value="mavenpractice"/>
    <property name="java.vendor" value="Oracle Corporation"/>
    <property name="POM_DISPLAYNAME" value="junit"/>
    <property name="java.specification.version" value="1.8"/>
    <property name="sun.arch.data.model" value="64"/>
  </properties>
  <testcase classname="Elite.junit.AppTest" name="testApp" time="0.003"/>
</testsuite>